<?xml version="1.0" encoding="UTF-8"?>
<testsuite name="com.LinkedList.MyLinkedListTest" tests="9" skipped="0" failures="0" errors="0" timestamp="2022-02-19T13:30:03" hostname="DESKTOP-7O2OJUS" time="0.069">
  <properties/>
  <testcase name="SearchDataNodeForGivenDataIfFoundShouldInsertGivenNodeAndReturnTrue()" classname="com.LinkedList.MyLinkedListTest" time="0.042"/>
  <testcase name="given1stElementWhenDeleteShouldPassLinkedListResult()" classname="com.LinkedList.MyLinkedListTest" time="0.001"/>
  <testcase name="SearchNodeForGivenElementIfFoundShouldDeleteGivenNodeAndReturnTrue()" classname="com.LinkedList.MyLinkedListTest" time="0.004"/>
  <testcase name="givenElementWhenFoundShouldPassLinkedListResult()" classname="com.LinkedList.MyLinkedListTest" time="0.005"/>
  <testcase name="given3NumbersWhenAddedToLinkedList_ShouldBeAddedToTop()" classname="com.LinkedList.MyLinkedListTest" time="0.003"/>
  <testcase name="givenLastElementWhenDeleteShouldPassLinkedListResult()" classname="com.LinkedList.MyLinkedListTest" time="0.003"/>
  <testcase name="IfLInkedListIsInAscendingOrderReturnTrue()" classname="com.LinkedList.MyLinkedListTest" time="0.001"/>
  <testcase name="given3NumbersWhenAppendedToLinkedList_ShouldBeAddedToLast()" classname="com.LinkedList.MyLinkedListTest" time="0.001"/>
  <testcase name="given3NumbersWhenInsertingSecondInBetweenShouldPassLinkedListResult()" classname="com.LinkedList.MyLinkedListTest" time="0.001"/>
  <system-out><![CDATA[My Nodes56 ->30 ->70
My Nodes56 ->30 ->40 ->70
My Nodes30 ->70
My Nodes56 ->30 ->40 ->70
My Nodes56 ->30 ->70
My Nodes70 ->30 ->56
My Nodes70 ->30 ->56
My Nodes56 ->30 ->70
My Nodes56 ->30
My Nodes30 ->40 ->56 ->70
My Nodes56 ->30 ->70
My Nodes56 ->30 ->70
]]></system-out>
  <system-err><![CDATA[]]></system-err>
</testsuite>
