<?xml version="1.0" encoding="UTF-8"?>
<testsuite name="com.LinkedList.MyStackTest" tests="2" skipped="0" failures="0" errors="0" timestamp="2022-02-21T14:08:27" hostname="DESKTOP-7O2OJUS" time="0.052">
  <properties/>
  <testcase name="given3_NoInStack_When_Popped_FromStack_Should_MatchWith_AddedNode()" classname="com.LinkedList.MyStackTest" time="0.048"/>
  <testcase name="given3_No_When_AddedToStack_Should_Have_LastAddedNode()" classname="com.LinkedList.MyStackTest" time="0.002"/>
  <system-out><![CDATA[My Nodes30 ->70
My Nodes56 ->30 ->70
]]></system-out>
  <system-err><![CDATA[]]></system-err>
</testsuite>
