<?xml version="1.0" encoding="UTF-8"?>
<testsuite name="com.LinkedList.MyLinkedListTest" tests="3" skipped="0" failures="0" errors="0" timestamp="2022-02-18T09:18:31" hostname="DESKTOP-7O2OJUS" time="0.04">
  <properties/>
  <testcase name="given3NumbersWhenAddedToLinkedList_ShouldBeAddedToTop()" classname="com.LinkedList.MyLinkedListTest" time="0.034"/>
  <testcase name="given3NumbersWhenAppendedToLinkedList_ShouldBeAddedToLast()" classname="com.LinkedList.MyLinkedListTest" time="0.002"/>
  <testcase name="given3NumbersWhenInsertingSecondInBetweenShouldPassLinkedListResult()" classname="com.LinkedList.MyLinkedListTest" time="0.001"/>
  <system-out><![CDATA[My Nodes56->30->70
My Nodes56->30->70
My Nodes56->30->70
]]></system-out>
  <system-err><![CDATA[]]></system-err>
</testsuite>
