<?xml version="1.0" encoding="UTF-8"?>
<testsuite name="com.LinkedList.MyNodeTest" tests="1" skipped="0" failures="0" errors="0" timestamp="2022-02-16T12:29:32" hostname="DESKTOP-7O2OJUS" time="0.031">
  <properties/>
  <testcase name="given3NumberWhenLinkedShouldPassLinkedListTestCase()" classname="com.LinkedList.MyNodeTest" time="0.031"/>
  <system-out><![CDATA[]]></system-out>
  <system-err><![CDATA[]]></system-err>
</testsuite>
